[0m21:19:36.483664 [debug] [MainThread]: Sending event: {'category': 'dbt', 'action': 'invocation', 'label': 'start', 'context': [<snowplow_tracker.self_describing_json.SelfDescribingJson object at 0x000001D5406929C0>, <snowplow_tracker.self_describing_json.SelfDescribingJson object at 0x000001D540692F90>, <snowplow_tracker.self_describing_json.SelfDescribingJson object at 0x000001D540692F60>]}


============================== 21:19:36.499179 | 88c5122f-fcf7-4277-9df3-7b323021a159 ==============================
[0m21:19:36.499179 [info ] [MainThread]: Running with dbt=1.11.8
[0m21:19:36.501189 [debug] [MainThread]: running dbt with arguments {'version_check': 'True', 'no_print': 'None', 'static_parser': 'True', 'target_path': 'None', 'warn_error_options': 'WarnErrorOptionsV2(error=[], warn=[], silence=[])', 'printer_width': '80', 'write_json': 'True', 'introspect': 'True', 'log_cache_events': 'False', 'empty': 'None', 'cache_selected_only': 'False', 'log_format': 'default', 'debug': 'False', 'fail_fast': 'False', 'profiles_dir': 'C:\\Users\\shri-16088\\.dbt', 'send_anonymous_usage_stats': 'True', 'quiet': 'False', 'warn_error': 'None', 'partial_parse': 'True', 'use_colors': 'True', 'indirect_selection': 'eager', 'invocation_command': 'dbt init investment_dbt', 'use_experimental_parser': 'False', 'log_path': 'logs'}
[0m21:19:36.570282 [debug] [MainThread]: Starter project path: C:\Users\shri-16088\AppData\Local\Programs\Python\Python312\Lib\site-packages\dbt\include\starter_project
[0m21:19:36.602391 [info ] [MainThread]: 
Your new dbt project "investment_dbt" was created!

For more information on how to configure the profiles.yml file,
please consult the dbt documentation here:

  https://docs.getdbt.com/docs/configure-your-profile

One more thing:

Need help? Don't hesitate to reach out to us via GitHub issues or on Slack:

  https://community.getdbt.com/

Happy modeling!

[0m21:19:36.602391 [info ] [MainThread]: Setting up your profile.
[0m21:20:59.418695 [info ] [MainThread]: No sample profile found for fabric.
[0m21:20:59.424040 [debug] [MainThread]: Command `dbt init` succeeded at 21:20:59.424040 after 83.38 seconds
[0m21:20:59.424040 [debug] [MainThread]: Sending event: {'category': 'dbt', 'action': 'invocation', 'label': 'end', 'context': [<snowplow_tracker.self_describing_json.SelfDescribingJson object at 0x000001D53FD967E0>, <snowplow_tracker.self_describing_json.SelfDescribingJson object at 0x000001D5421A63F0>, <snowplow_tracker.self_describing_json.SelfDescribingJson object at 0x000001D542053EC0>]}
[0m21:20:59.424040 [debug] [MainThread]: Flushing usage events
[0m21:21:01.456697 [debug] [MainThread]: An error was encountered while trying to flush usage events
